<?xml version="1.0" encoding="UTF-8"?>
<!-- Generated by org.testng.reporters.JUnitReportReporter -->
<testsuite hostname="Aakritis-MacBook-Pro-2.local" failures="0" tests="1" name="ui.TestNGDemo" time="18.414" errors="0" timestamp="2024-02-14T14:04:30 IST" skipped="0">
  <testcase classname="ui.TestNGDemo" name="verifyTestTitle" time="18.414"/>
  <system-out/>
</testsuite> <!-- ui.TestNGDemo -->
